<?xml version="1.0" encoding="UTF-8"?>
<testsuite name="Abrir la Pagina Banistmo" tests="1" skipped="0" failures="0" errors="0" timestamp="2024-03-01T17:32:10" hostname="CHPAMPF0I6JPX" time="40.943">
  <properties/>
  <testcase name="Verifico el contenido" classname="Abrir la Pagina Banistmo" time="40.943"/>
  <system-out><![CDATA[
@Open @Regresion
Scenario: Verifico el contenido                        ?[90m# src/test/resources/features/reto_banistmo.feature:11?[0m
  ?[32mGiven ?[0m?[32mabro la pagina principal de Banistmo?[0m           ?[90m# co.com.Banistmo.Reto.stepdefinitions.BanistmoDefinitions.abroLaPaginaPrincipalDeBanistmo()?[0m
  ?[32mWhen ?[0m?[32mingreso a infomacion coorporativa y proveedores?[0m ?[90m# co.com.Banistmo.Reto.stepdefinitions.BanistmoDefinitions.accedoAlMenu()?[0m
  ?[32mThen ?[0m?[32mdebo validar la ventana emergente?[0m               ?[90m# co.com.Banistmo.Reto.stepdefinitions.BanistmoDefinitions.deboValidarLaVentanaEmergente()?[0m
  ?[32mAnd ?[0m?[32mDescargo el PDF?[0m                                  ?[90m# co.com.Banistmo.Reto.stepdefinitions.BanistmoDefinitions.descargoPDF()?[0m
Panamá, 
Señores 
BANISTMO, S.A. 
Ciudad.- 
Estimados Señores, 
Por medio de la presente, declaro haber leído y entendido el contenido del aviso de 
convocatoria para la licitación por mejor para la contratación de servicios fiduciarios, 
debidamente publicada el día_______________________, y manifiesto mi conformidad 
con su contenido. Asimismo, certifico que la sociedad 
cuenta con la capacidad para cumplir cabalmente las condiciones mínimas de 
aceptación detalladas en el mencionado aviso de convocatoria, siendo estos:  
1. Aviso de Operación que evidencia un mínimo de 60 meses de operación en la
actividad a licitar;
2. Tres cartas de referencias comerciales de entidades de la localidad que
certifiquen su condición de proveedor de los servicios a licitar;
3. Tres cartas de referencia de entidades bancarias;
4. Contar con una ubicación física para la recepción de clientes; y
5. Contar con servicio de mensajería para la ubicación de clientes y traslado de
documentos.
Sin otro particular, quedo de usted. 
_________________________ 
Nombre del Representante Legal 
Nombre del Proponente 
Dirección completa del proponente 
La recepción de esta carta será hasta el jueves 22 de septiembre de 2022. 

  ?[32mThen ?[0m?[32mValido el documento?[0m                             ?[90m# co.com.Banistmo.Reto.stepdefinitions.BanistmoDefinitions.validoeldocumento()?[0m
]]></system-out>
  <system-err><![CDATA[[Test worker] INFO io.cucumber.core.plugin.SerenityReporter - Running feature from file:///C:/Users/acastroa/Documents/co.com.Banistmo.Reto/src/test/resources/features/reto_banistmo.feature
[Test worker] INFO  - 
  _____   ___   ___   _____     ___   _____     _     ___   _____   ___   ___  
 |_   _| | __| / __| |_   _|   / __| |_   _|   /_\   | _ \ |_   _| | __| |   \ 
   | |   | _|  \__ \   | |     \__ \   | |    / _ \  |   /   | |   | _|  | |) |
   |_|   |___| |___/   |_|     |___/   |_|   /_/ \_\ |_|_\   |_|   |___| |___/ 

Verifico el contenido(abrir-la-pagina-banistmo;verifico-el-contenido)
--------------------------------------------------------------------------------
[Test worker] INFO net.serenitybdd.core.webdriver.driverproviders.DriverProvider - Using WebDriverManager configuration for chrome
[Test worker] INFO io.github.bonigarcia.wdm.WebDriverManager - Using chromedriver 122.0.6261.94 (resolved driver for Chrome 122)
[Test worker] INFO io.github.bonigarcia.wdm.WebDriverManager - Exporting webdriver.chrome.driver as C:\Users\acastroa\.cache\selenium\chromedriver\win64\122.0.6261.94\chromedriver.exe
[Test worker] INFO net.serenitybdd.core.webdriver.driverproviders.ChromeDriverProvider - Starting Chrome driver instance with capabilities:
[Test worker] INFO net.serenitybdd.core.webdriver.driverproviders.ChromeDriverProvider - Capabilities {acceptInsecureCerts: false, browserName: chrome, goog:chromeOptions: {args: [--remote-allow-origins=*, -no-sandbox, --lang=en-us, -disable-download-notification, -test-type, -ignore-certificate-errors, -allow-running-insecure-con..., -always-authorize-plugins], extensions: []}}
Starting ChromeDriver 122.0.6261.94 (880dbf29479c6152d5e4f08dfd3a96b30f919e56-refs/branch-heads/6261@{#960}) on port 12418
Only local connections are allowed.
Please see https://chromedriver.chromium.org/security-considerations for suggestions on keeping ChromeDriver safe.
ChromeDriver was started successfully.
mar 01, 2024 12:32:15 PM org.openqa.selenium.devtools.CdpVersionFinder findNearestMatch
ADVERTENCIA: Unable to find CDP implementation matching 122
mar 01, 2024 12:32:15 PM org.openqa.selenium.chromium.ChromiumDriver lambda$new$3
ADVERTENCIA: Unable to find version of CDP to use for . You may need to include a dependency on a specific version of the CDP using something similar to `org.seleniumhq.selenium:selenium-devtools-v86:4.5.3` where the version ("v86") matches the version of the chromium-based browser you're using and the version number of the artifact is the same as Selenium's.
[Test worker] WARN io.github.bonigarcia.wdm.WebDriverManager - WebDriver object(s) not available
[Test worker] INFO  - 
  _____   ___   ___   _____     ___     _     ___   ___   ___   ___  
 |_   _| | __| / __| |_   _|   | _ \   /_\   / __| / __| | __| |   \ 
   | |   | _|  \__ \   | |     |  _/  / _ \  \__ \ \__ \ | _|  | |) |
   |_|   |___| |___/   |_|     |_|   /_/ \_\ |___/ |___/ |___| |___/ 

Verifico el contenido
----------------------------------------------------------------------
]]></system-err>
</testsuite>
